2020-09-09 12:37:55 - PHP Warning:  mysqli::mysqli(): (HY000/1045): Access denied for user 'root'@'localhost' (using password: NO) in /Applications/AMPPS/www/shopmypham/system/library/db/mysqli.php on line 7
2020-09-09 12:37:55 - PHP Warning:  DB\MySQLi::__construct(): Couldn't fetch mysqli in /Applications/AMPPS/www/shopmypham/system/library/db/mysqli.php on line 10
2020-09-09 12:37:55 - PHP Warning:  DB\MySQLi::__construct(): Couldn't fetch mysqli in /Applications/AMPPS/www/shopmypham/system/library/db/mysqli.php on line 10
2020-09-09 12:37:55 - PHP Notice:  Undefined variable: mysql in /Applications/AMPPS/www/shopmypham/install/controller/install/step_3.php on line 280
2020-09-09 12:37:55 - PHP Notice:  Trying to get property of non-object in /Applications/AMPPS/www/shopmypham/install/controller/install/step_3.php on line 280
2020-09-09 12:40:25 - PHP Warning:  mysqli::mysqli(): (HY000/1049): Unknown database 'shopmypham' in /Applications/AMPPS/www/shopmypham/system/library/db/mysqli.php on line 7
2020-09-09 12:40:25 - PHP Warning:  DB\MySQLi::__construct(): Couldn't fetch mysqli in /Applications/AMPPS/www/shopmypham/system/library/db/mysqli.php on line 10
2020-09-09 12:40:25 - PHP Warning:  DB\MySQLi::__construct(): Couldn't fetch mysqli in /Applications/AMPPS/www/shopmypham/system/library/db/mysqli.php on line 10
2020-09-09 12:40:25 - PHP Notice:  Undefined variable: mysql in /Applications/AMPPS/www/shopmypham/install/controller/install/step_3.php on line 280
2020-09-09 12:40:25 - PHP Notice:  Trying to get property of non-object in /Applications/AMPPS/www/shopmypham/install/controller/install/step_3.php on line 280
2020-09-09 12:40:31 - PHP Warning:  mysqli::mysqli(): (HY000/1049): Unknown database 'shopmypham' in /Applications/AMPPS/www/shopmypham/system/library/db/mysqli.php on line 7
2020-09-09 12:40:31 - PHP Warning:  DB\MySQLi::__construct(): Couldn't fetch mysqli in /Applications/AMPPS/www/shopmypham/system/library/db/mysqli.php on line 10
2020-09-09 12:40:31 - PHP Warning:  DB\MySQLi::__construct(): Couldn't fetch mysqli in /Applications/AMPPS/www/shopmypham/system/library/db/mysqli.php on line 10
2020-09-09 12:40:31 - PHP Notice:  Undefined variable: mysql in /Applications/AMPPS/www/shopmypham/install/controller/install/step_3.php on line 280
2020-09-09 12:40:31 - PHP Notice:  Trying to get property of non-object in /Applications/AMPPS/www/shopmypham/install/controller/install/step_3.php on line 280
2020-10-05 2:41:15 - PHP Warning:  mysqli::mysqli(): (HY000/2002): Connection refused in /Applications/AMPPS/www/shopmypham/system/library/db/mysqli.php on line 7
2020-10-05 2:41:15 - PHP Warning:  DB\MySQLi::__construct(): Couldn't fetch mysqli in /Applications/AMPPS/www/shopmypham/system/library/db/mysqli.php on line 10
2020-10-05 2:41:15 - PHP Warning:  DB\MySQLi::__construct(): Couldn't fetch mysqli in /Applications/AMPPS/www/shopmypham/system/library/db/mysqli.php on line 10
2020-10-05 2:41:17 - PHP Warning:  mysqli::mysqli(): (HY000/2002): Connection refused in /Applications/AMPPS/www/shopmypham/system/library/db/mysqli.php on line 7
2020-10-05 2:41:17 - PHP Warning:  DB\MySQLi::__construct(): Couldn't fetch mysqli in /Applications/AMPPS/www/shopmypham/system/library/db/mysqli.php on line 10
2020-10-05 2:41:17 - PHP Warning:  DB\MySQLi::__construct(): Couldn't fetch mysqli in /Applications/AMPPS/www/shopmypham/system/library/db/mysqli.php on line 10
2020-10-08 1:29:22 - PHP Warning:  mysqli::mysqli(): (HY000/2002): Connection refused in /Applications/AMPPS/www/shopmypham/system/library/db/mysqli.php on line 7
2020-10-08 1:29:22 - PHP Warning:  DB\MySQLi::__construct(): Couldn't fetch mysqli in /Applications/AMPPS/www/shopmypham/system/library/db/mysqli.php on line 10
2020-10-08 1:29:22 - PHP Warning:  DB\MySQLi::__construct(): Couldn't fetch mysqli in /Applications/AMPPS/www/shopmypham/system/library/db/mysqli.php on line 10
2020-10-08 1:29:23 - PHP Warning:  mysqli::mysqli(): (HY000/2002): Connection refused in /Applications/AMPPS/www/shopmypham/system/library/db/mysqli.php on line 7
2020-10-08 1:29:23 - PHP Warning:  DB\MySQLi::__construct(): Couldn't fetch mysqli in /Applications/AMPPS/www/shopmypham/system/library/db/mysqli.php on line 10
2020-10-08 1:29:23 - PHP Warning:  DB\MySQLi::__construct(): Couldn't fetch mysqli in /Applications/AMPPS/www/shopmypham/system/library/db/mysqli.php on line 10
2020-10-08 1:29:52 - PHP Warning:  mysqli::mysqli(): (HY000/2002): Connection refused in /Applications/AMPPS/www/shopmypham/system/library/db/mysqli.php on line 7
2020-10-08 1:29:52 - PHP Warning:  DB\MySQLi::__construct(): Couldn't fetch mysqli in /Applications/AMPPS/www/shopmypham/system/library/db/mysqli.php on line 10
2020-10-08 1:29:52 - PHP Warning:  DB\MySQLi::__construct(): Couldn't fetch mysqli in /Applications/AMPPS/www/shopmypham/system/library/db/mysqli.php on line 10
2020-10-08 1:29:54 - PHP Warning:  mysqli::mysqli(): (HY000/2002): Connection refused in /Applications/AMPPS/www/shopmypham/system/library/db/mysqli.php on line 7
2020-10-08 1:29:54 - PHP Warning:  DB\MySQLi::__construct(): Couldn't fetch mysqli in /Applications/AMPPS/www/shopmypham/system/library/db/mysqli.php on line 10
2020-10-08 1:29:54 - PHP Warning:  DB\MySQLi::__construct(): Couldn't fetch mysqli in /Applications/AMPPS/www/shopmypham/system/library/db/mysqli.php on line 10
2021-01-09 11:17:26 - PHP Warning:  unlink(/Applications/AMPPS/storage5/cache/cache.catalog.language.1610194646): No such file or directory in /Applications/AMPPS/www/shopmypham/system/library/cache/file.php on line 68
2021-01-11 2:04:30 - PHP Warning:  mysqli::__construct(): (HY000/2002): Connection refused in /Applications/AMPPS/www/shopmypham/system/library/db/mysqli.php on line 7
2021-01-11 2:04:30 - PHP Warning:  DB\MySQLi::__construct(): Couldn't fetch mysqli in /Applications/AMPPS/www/shopmypham/system/library/db/mysqli.php on line 10
2021-01-11 2:04:30 - PHP Warning:  DB\MySQLi::__construct(): Couldn't fetch mysqli in /Applications/AMPPS/www/shopmypham/system/library/db/mysqli.php on line 10
